Using pre-set license
Built from '2020.3/staging' branch; Version is '2020.3.20f1 (41c4e627c95f) revision 4310246'; Using compiler version '192528614'; Build Type 'Release'
OS: 'Windows 10 Pro; OS build 22000.282; Version 2009; 64bit' Language: 'en' Physical Memory: 16326 MB
BatchMode: 1, IsHumanControllingUs: 0, StartBugReporterOnCrash: 0, Is64bit: 1, IsPro: 0

COMMAND LINE ARGUMENTS:
D:\Unity Editors\2020.3.20f1\Editor\Unity.exe
-adb2
-batchMode
-noUpm
-name
AssetImportWorker0
-projectPath
H:/Unity/New Unity Project
-logFile
Logs/AssetImportWorker0.log
-srvPort
53969
Successfully changed project path to: H:/Unity/New Unity Project
H:/Unity/New Unity Project
Using Asset Import Pipeline V2.
Refreshing native plugins compatible for Editor in 100.42 ms, found 2 plugins.
Preloading 0 native plugins for Editor in 0.00 ms.
Initialize engine version: 2020.3.20f1 (41c4e627c95f)
[Subsystems] Discovering subsystems at path D:/Unity Editors/2020.3.20f1/Editor/Data/Resources/UnitySubsystems
[Subsystems] Discovering subsystems at path H:/Unity/New Unity Project/Assets
GfxDevice: creating device client; threaded=0
Direct3D:
    Version:  Direct3D 11.0 [level 11.1]
    Renderer: NVIDIA GeForce GTX 1080 Ti (ID=0x1b06)
    Vendor:   
    VRAM:     11127 MB
    Driver:   30.0.14.9613
Initialize mono
Mono path[0] = 'D:/Unity Editors/2020.3.20f1/Editor/Data/Managed'
Mono path[1] = 'D:/Unity Editors/2020.3.20f1/Editor/Data/MonoBleedingEdge/lib/mono/unityjit'
Mono config path = 'D:/Unity Editors/2020.3.20f1/Editor/Data/MonoBleedingEdge/etc'
Using monoOptions --debugger-agent=transport=dt_socket,embedding=1,server=y,suspend=n,address=127.0.0.1:56156
Begin MonoManager ReloadAssembly
Registering precompiled unity dll's ...
Register platform support module: D:/Unity Editors/2020.3.20f1/Editor/Data/PlaybackEngines/WindowsStandaloneSupport/UnityEditor.WindowsStandalone.Extensions.dll
Registered in 0.003200 seconds.
Native extension for WindowsStandalone target not found
Refreshing native plugins compatible for Editor in 60.25 ms, found 2 plugins.
Preloading 0 native plugins for Editor in 0.00 ms.
Mono: successfully reloaded assembly
- Completed reload, in 19.656 seconds
Domain Reload Profiling:
	ReloadAssembly (19656ms)
		BeginReloadAssembly (91ms)
			ExecutionOrderSort (0ms)
			DisableScriptedObjects (0ms)
			BackupInstance (0ms)
			ReleaseScriptingObjects (0ms)
			CreateAndSetChildDomain (1ms)
		EndReloadAssembly (576ms)
			LoadAssemblies (129ms)
			RebuildTransferFunctionScriptingTraits (0ms)
			SetupTypeCache (179ms)
			ReleaseScriptCaches (0ms)
			RebuildScriptCaches (40ms)
			SetupLoadedEditorAssemblies (208ms)
				LogAssemblyErrors (0ms)
				InitializePlatformSupportModulesInManaged (6ms)
				SetLoadedEditorAssemblies (1ms)
				RefreshPlugins (60ms)
				BeforeProcessingInitializeOnLoad (15ms)
				ProcessInitializeOnLoadAttributes (86ms)
				ProcessInitializeOnLoadMethodAttributes (39ms)
				AfterProcessingInitializeOnLoad (0ms)
				EditorAssembliesLoaded (0ms)
			ExecutionOrderSort2 (0ms)
			AwakeInstancesAfterBackupRestoration (0ms)
Platform modules already initialized, skipping
Registering precompiled user dll's ...
Registered in 0.005866 seconds.
Begin MonoManager ReloadAssembly
Native extension for WindowsStandalone target not found
Refreshing native plugins compatible for Editor in 0.62 ms, found 2 plugins.
Preloading 0 native plugins for Editor in 0.00 ms.
Mono: successfully reloaded assembly
- Completed reload, in  1.243 seconds
Domain Reload Profiling:
	ReloadAssembly (1244ms)
		BeginReloadAssembly (185ms)
			ExecutionOrderSort (0ms)
			DisableScriptedObjects (5ms)
			BackupInstance (0ms)
			ReleaseScriptingObjects (0ms)
			CreateAndSetChildDomain (20ms)
		EndReloadAssembly (977ms)
			LoadAssemblies (143ms)
			RebuildTransferFunctionScriptingTraits (0ms)
			SetupTypeCache (305ms)
			ReleaseScriptCaches (0ms)
			RebuildScriptCaches (54ms)
			SetupLoadedEditorAssemblies (384ms)
				LogAssemblyErrors (0ms)
				InitializePlatformSupportModulesInManaged (5ms)
				SetLoadedEditorAssemblies (0ms)
				RefreshPlugins (1ms)
				BeforeProcessingInitializeOnLoad (115ms)
				ProcessInitializeOnLoadAttributes (237ms)
				ProcessInitializeOnLoadMethodAttributes (13ms)
				AfterProcessingInitializeOnLoad (13ms)
				EditorAssembliesLoaded (0ms)
			ExecutionOrderSort2 (0ms)
			AwakeInstancesAfterBackupRestoration (7ms)
Platform modules already initialized, skipping
========================================================================
Worker process is ready to serve import requests
Launched and connected shader compiler UnityShaderCompiler.exe after 0.19 seconds
Refreshing native plugins compatible for Editor in 0.82 ms, found 2 plugins.
Preloading 0 native plugins for Editor in 0.00 ms.
Unloading 1772 Unused Serialized files (Serialized files now loaded: 0)
System memory in use before: 81.1 MB.
System memory in use after: 81.2 MB.

Unloading 23 unused Assets to reduce memory usage. Loaded Objects now: 2208.
Total: 4.498500 ms (FindLiveObjects: 0.238300 ms CreateObjectMapping: 0.092700 ms MarkObjects: 4.056400 ms  DeleteObjects: 0.109800 ms)

AssetImportParameters requested are different than current active one (requested -> active):
  custom:framework-win-MediaFoundation: 216162199b28c13a410421893ffa2e32 -> 
  custom:video-decoder-ogg-theora: a1e56fd34408186e4bbccfd4996cb3dc -> 
  custom:container-muxer-webm: aa71ff27fc2769a1b78a27578f13a17b -> 
  custom:container-demuxer-webm: 4f35f7cbe854078d1ac9338744f61a02 -> 
  custom:container-demuxer-ogg: 62fdf1f143b41e24485cea50d1cbac27 -> 
  custom:video-encoder-webm-vp8: eb34c28f22e8b96e1ab97ce403110664 -> 
  custom:video-decoder-webm-vp8: 9c59270c3fd7afecdb556c50c9e8de78 -> 
  custom:audio-decoder-ogg-vorbis: bf7c407c2cedff20999df2af8eb42d56 -> 
  custom:audio-encoder-webm-vorbis: bf7c407c2cedff20999df2af8eb42d56 -> 
========================================================================
Received Import Request.
  path: Assets/Plugins/PolygonPrototype/Models/SM_Icon_Camera_01.fbx
  artifactKey: Guid(a5bd27fd6394e67488b3d6cc200bce64) Importer(815301076,1909f56bfc062723c751e8b465ee728b)
Start importing Assets/Plugins/PolygonPrototype/Models/SM_Icon_Camera_01.fbx using Guid(a5bd27fd6394e67488b3d6cc200bce64) Importer(815301076,1909f56bfc062723c751e8b465ee728b)  -> (artifact id: '0b222361c0f62d8a269d15a0040466ea') in 0.365495 seconds 
  Import took 0.372817 seconds .

========================================================================
Received Prepare
Registering precompiled user dll's ...
Registered in 0.007219 seconds.
Begin MonoManager ReloadAssembly
Native extension for WindowsStandalone target not found
Refreshing native plugins compatible for Editor in 0.48 ms, found 2 plugins.
Preloading 0 native plugins for Editor in 0.00 ms.
Mono: successfully reloaded assembly
- Completed reload, in  1.114 seconds
Domain Reload Profiling:
	ReloadAssembly (1114ms)
		BeginReloadAssembly (150ms)
			ExecutionOrderSort (0ms)
			DisableScriptedObjects (5ms)
			BackupInstance (0ms)
			ReleaseScriptingObjects (0ms)
			CreateAndSetChildDomain (40ms)
		EndReloadAssembly (884ms)
			LoadAssemblies (117ms)
			RebuildTransferFunctionScriptingTraits (0ms)
			SetupTypeCache (316ms)
			ReleaseScriptCaches (1ms)
			RebuildScriptCaches (43ms)
			SetupLoadedEditorAssemblies (320ms)
				LogAssemblyErrors (0ms)
				InitializePlatformSupportModulesInManaged (6ms)
				SetLoadedEditorAssemblies (1ms)
				RefreshPlugins (1ms)
				BeforeProcessingInitializeOnLoad (93ms)
				ProcessInitializeOnLoadAttributes (197ms)
				ProcessInitializeOnLoadMethodAttributes (11ms)
				AfterProcessingInitializeOnLoad (11ms)
				EditorAssembliesLoaded (0ms)
			ExecutionOrderSort2 (0ms)
			AwakeInstancesAfterBackupRestoration (6ms)
Platform modules already initialized, skipping
Refreshing native plugins compatible for Editor in 0.42 ms, found 2 plugins.
Preloading 0 native plugins for Editor in 0.00 ms.
Unloading 1747 Unused Serialized files (Serialized files now loaded: 0)
System memory in use before: 82.3 MB.
System memory in use after: 82.4 MB.

Unloading 19 unused Assets to reduce memory usage. Loaded Objects now: 2220.
Total: 3.216000 ms (FindLiveObjects: 0.158400 ms CreateObjectMapping: 0.062500 ms MarkObjects: 2.970800 ms  DeleteObjects: 0.022900 ms)

AssetImportParameters requested are different than current active one (requested -> active):
  custom:framework-win-MediaFoundation: 216162199b28c13a410421893ffa2e32 -> 
  custom:video-decoder-ogg-theora: a1e56fd34408186e4bbccfd4996cb3dc -> 
  custom:container-muxer-webm: aa71ff27fc2769a1b78a27578f13a17b -> 
  custom:container-demuxer-webm: 4f35f7cbe854078d1ac9338744f61a02 -> 
  custom:container-demuxer-ogg: 62fdf1f143b41e24485cea50d1cbac27 -> 
  custom:video-encoder-webm-vp8: eb34c28f22e8b96e1ab97ce403110664 -> 
  custom:video-decoder-webm-vp8: 9c59270c3fd7afecdb556c50c9e8de78 -> 
  custom:audio-decoder-ogg-vorbis: bf7c407c2cedff20999df2af8eb42d56 -> 
  custom:audio-encoder-webm-vorbis: bf7c407c2cedff20999df2af8eb42d56 -> 
========================================================================
Received Import Request.
  Time since last request: 1343.016729 seconds.
  path: Assets/Plugins/PolygonPrototype/Models/SM_Buildings_FloorInner_Curved_1x1_01P.fbx
  artifactKey: Guid(de27ac15b544cd6469a3b4d2be085dc5) Importer(815301076,1909f56bfc062723c751e8b465ee728b)
Start importing Assets/Plugins/PolygonPrototype/Models/SM_Buildings_FloorInner_Curved_1x1_01P.fbx using Guid(de27ac15b544cd6469a3b4d2be085dc5) Importer(815301076,1909f56bfc062723c751e8b465ee728b)  -> (artifact id: 'b0061159fecf3def1138f87cc3c1f83f') in 0.111910 seconds 
  Import took 0.115986 seconds .

========================================================================
Received Import Request.
  Time since last request: 0.000199 seconds.
  path: Assets/Plugins/PolygonPrototype/Models/SM_Buildings_FloorInner_Curved_2x2_01.fbx
  artifactKey: Guid(5d85c4420def25e4e9552dc06bce40a0) Importer(815301076,1909f56bfc062723c751e8b465ee728b)
Start importing Assets/Plugins/PolygonPrototype/Models/SM_Buildings_FloorInner_Curved_2x2_01.fbx using Guid(5d85c4420def25e4e9552dc06bce40a0) Importer(815301076,1909f56bfc062723c751e8b465ee728b)  -> (artifact id: 'c09bbf8433ce5d0e41cf54afb1aa505f') in 0.028206 seconds 
  Import took 0.031639 seconds .

========================================================================
Received Import Request.
  Time since last request: 4.585210 seconds.
  path: Assets/Plugins/PolygonPrototype/Models/SM_Buildings_FloorInner_Curved_2x2_01P.fbx
  artifactKey: Guid(3f5c320a134f60343a8514a340a8a0dd) Importer(815301076,1909f56bfc062723c751e8b465ee728b)
Start importing Assets/Plugins/PolygonPrototype/Models/SM_Buildings_FloorInner_Curved_2x2_01P.fbx using Guid(3f5c320a134f60343a8514a340a8a0dd) Importer(815301076,1909f56bfc062723c751e8b465ee728b)  -> (artifact id: 'fa9eb16f83496c6741e77bb098879245') in 0.027264 seconds 
  Import took 0.031282 seconds .

========================================================================
Received Import Request.
  Time since last request: 0.000191 seconds.
  path: Assets/Plugins/PolygonPrototype/Models/SM_Buildings_FloorInner_Curved_5x5_01.fbx
  artifactKey: Guid(52c22e70fe7f9e74e81b2a6d2b1deec2) Importer(815301076,1909f56bfc062723c751e8b465ee728b)
Start importing Assets/Plugins/PolygonPrototype/Models/SM_Buildings_FloorInner_Curved_5x5_01.fbx using Guid(52c22e70fe7f9e74e81b2a6d2b1deec2) Importer(815301076,1909f56bfc062723c751e8b465ee728b)  -> (artifact id: '4ec1930c1dc03820ba4e7b132463fa06') in 0.030006 seconds 
  Import took 0.034372 seconds .

========================================================================
Received Import Request.
  Time since last request: 0.000243 seconds.
  path: Assets/Plugins/PolygonPrototype/Models/SM_Buildings_FloorInner_Curved_5x5_01P.fbx
  artifactKey: Guid(c42e8dc3146e54f4eabae304a4b9c5d2) Importer(815301076,1909f56bfc062723c751e8b465ee728b)
Start importing Assets/Plugins/PolygonPrototype/Models/SM_Buildings_FloorInner_Curved_5x5_01P.fbx using Guid(c42e8dc3146e54f4eabae304a4b9c5d2) Importer(815301076,1909f56bfc062723c751e8b465ee728b)  -> (artifact id: '88c4f805300d7aebbd663701fa23f18e') in 0.026585 seconds 
  Import took 0.030095 seconds .

========================================================================
Received Import Request.
  Time since last request: 0.000203 seconds.
  path: Assets/Plugins/PolygonPrototype/Models/SM_Buildings_WallCurved_1x1_01.fbx
  artifactKey: Guid(f8f044437cd3bf941ae92e4d37e1faa3) Importer(815301076,1909f56bfc062723c751e8b465ee728b)
Start importing Assets/Plugins/PolygonPrototype/Models/SM_Buildings_WallCurved_1x1_01.fbx using Guid(f8f044437cd3bf941ae92e4d37e1faa3) Importer(815301076,1909f56bfc062723c751e8b465ee728b)  -> (artifact id: '3c8fa59365e8076eab699a4ab718e16a') in 0.029648 seconds 
  Import took 0.033149 seconds .

========================================================================
Received Import Request.
  Time since last request: 0.071137 seconds.
  path: Assets/Plugins/PolygonPrototype/Prefabs/Buildings/Simple/SM_Buildings_WallCurved_1x1_01.prefab
  artifactKey: Guid(17e0b2b899954964ba707a1a2fcaf43a) Importer(815301076,1909f56bfc062723c751e8b465ee728b)
Start importing Assets/Plugins/PolygonPrototype/Prefabs/Buildings/Simple/SM_Buildings_WallCurved_1x1_01.prefab using Guid(17e0b2b899954964ba707a1a2fcaf43a) Importer(815301076,1909f56bfc062723c751e8b465ee728b)  -> (artifact id: '02699557e89d5145b8c27a9830a69611') in 0.025699 seconds 
  Import took 0.029500 seconds .

========================================================================
Received Import Request.
  Time since last request: 0.000173 seconds.
  path: Assets/Plugins/PolygonPrototype/Prefabs/Buildings/Simple/SM_Buildings_WallCurved_2x2_01.prefab
  artifactKey: Guid(0b3b3c72112a67d40969c051c8fca57d) Importer(815301076,1909f56bfc062723c751e8b465ee728b)
Start importing Assets/Plugins/PolygonPrototype/Prefabs/Buildings/Simple/SM_Buildings_WallCurved_2x2_01.prefab using Guid(0b3b3c72112a67d40969c051c8fca57d) Importer(815301076,1909f56bfc062723c751e8b465ee728b)  -> (artifact id: '0def949bc06e5b2ca145424eb82ad456') in 0.033399 seconds 
  Import took 0.037618 seconds .

========================================================================
Received Import Request.
  Time since last request: 0.000175 seconds.
  path: Assets/Plugins/PolygonPrototype/Models/SM_Buildings_WallCurved_5x5_01.fbx
  artifactKey: Guid(ccd5c96c0b9c6a14bba4df85e935d276) Importer(815301076,1909f56bfc062723c751e8b465ee728b)
Start importing Assets/Plugins/PolygonPrototype/Models/SM_Buildings_WallCurved_5x5_01.fbx using Guid(ccd5c96c0b9c6a14bba4df85e935d276) Importer(815301076,1909f56bfc062723c751e8b465ee728b)  -> (artifact id: '651f1608b9b2be9c8476c827940486c5') in 0.028927 seconds 
  Import took 0.032602 seconds .

========================================================================
Received Import Request.
  Time since last request: 0.000179 seconds.
  path: Assets/Plugins/PolygonPrototype/Models/SM_Buildings_WallCurved_5x5_01P.fbx
  artifactKey: Guid(58dc61810fa23fc4d8355e6d7f968017) Importer(815301076,1909f56bfc062723c751e8b465ee728b)
Start importing Assets/Plugins/PolygonPrototype/Models/SM_Buildings_WallCurved_5x5_01P.fbx using Guid(58dc61810fa23fc4d8355e6d7f968017) Importer(815301076,1909f56bfc062723c751e8b465ee728b)  -> (artifact id: '01e90fd2a928a962eaa0bf6e4556f445') in 0.035813 seconds 
  Import took 0.039099 seconds .

========================================================================
Received Import Request.
  Time since last request: 0.000216 seconds.
  path: Assets/Plugins/PolygonPrototype/Models/SM_Buildings_WallCurved_1x1_01P.fbx
  artifactKey: Guid(a1cc6d3321edb2248bba26fdc6d1ff08) Importer(815301076,1909f56bfc062723c751e8b465ee728b)
Start importing Assets/Plugins/PolygonPrototype/Models/SM_Buildings_WallCurved_1x1_01P.fbx using Guid(a1cc6d3321edb2248bba26fdc6d1ff08) Importer(815301076,1909f56bfc062723c751e8b465ee728b)  -> (artifact id: '9f4efff05979734f8a884411da0a8f52') in 0.030735 seconds 
  Import took 0.035150 seconds .

========================================================================
Received Import Request.
  Time since last request: 0.000203 seconds.
  path: Assets/Plugins/PolygonPrototype/Models/SM_Icon_Arrow_Long_Curve_02.fbx
  artifactKey: Guid(1dbd03cbe51486b4c9a9fe731a3bafd6) Importer(815301076,1909f56bfc062723c751e8b465ee728b)
Start importing Assets/Plugins/PolygonPrototype/Models/SM_Icon_Arrow_Long_Curve_02.fbx using Guid(1dbd03cbe51486b4c9a9fe731a3bafd6) Importer(815301076,1909f56bfc062723c751e8b465ee728b)  -> (artifact id: 'be0e648974ac523122f02a7c7c57e905') in 0.028619 seconds 
  Import took 0.032197 seconds .

========================================================================
Received Import Request.
  Time since last request: 0.000256 seconds.
  path: Assets/Plugins/PolygonPrototype/Models/SM_Prop_Pipe_Curve_01.fbx
  artifactKey: Guid(dddd9dd1a849d5844b3314ee7404d469) Importer(815301076,1909f56bfc062723c751e8b465ee728b)
Start importing Assets/Plugins/PolygonPrototype/Models/SM_Prop_Pipe_Curve_01.fbx using Guid(dddd9dd1a849d5844b3314ee7404d469) Importer(815301076,1909f56bfc062723c751e8b465ee728b)  -> (artifact id: '10d25eeb88b1a834d28bd489e6aedff3') in 0.028838 seconds 
  Import took 0.032327 seconds .

========================================================================
Received Import Request.
  Time since last request: 0.000179 seconds.
  path: Assets/Plugins/PolygonPrototype/Models/SM_Icon_Arrow_Long_Curve_03.fbx
  artifactKey: Guid(45cae7d1798ee244ebd14eee9b1a95b9) Importer(815301076,1909f56bfc062723c751e8b465ee728b)
Start importing Assets/Plugins/PolygonPrototype/Models/SM_Icon_Arrow_Long_Curve_03.fbx using Guid(45cae7d1798ee244ebd14eee9b1a95b9) Importer(815301076,1909f56bfc062723c751e8b465ee728b)  -> (artifact id: 'e818cecf36e14fa135feb036f4485bb8') in 0.028086 seconds 
  Import took 0.031771 seconds .

========================================================================
Received Import Request.
  Time since last request: 0.000188 seconds.
  path: Assets/Plugins/PolygonPrototype/Models/SM_Buildings_WallCurved_2x2_01P.fbx
  artifactKey: Guid(4a75374ad8cec924499a14623bde0519) Importer(815301076,1909f56bfc062723c751e8b465ee728b)
Start importing Assets/Plugins/PolygonPrototype/Models/SM_Buildings_WallCurved_2x2_01P.fbx using Guid(4a75374ad8cec924499a14623bde0519) Importer(815301076,1909f56bfc062723c751e8b465ee728b)  -> (artifact id: '2aeb70995721ce4bc621d51ab3a6ddc1') in 0.026411 seconds 
  Import took 0.030849 seconds .

========================================================================
Received Import Request.
  Time since last request: 0.000177 seconds.
  path: Assets/Plugins/PolygonPrototype/Models/SM_Icon_Arrow_Long_Curve_01.fbx
  artifactKey: Guid(cb1e5143eebad2642b5758464d19bf4f) Importer(815301076,1909f56bfc062723c751e8b465ee728b)
Start importing Assets/Plugins/PolygonPrototype/Models/SM_Icon_Arrow_Long_Curve_01.fbx using Guid(cb1e5143eebad2642b5758464d19bf4f) Importer(815301076,1909f56bfc062723c751e8b465ee728b)  -> (artifact id: '37791ca28b1a72477ecad5c984df752b') in 0.033248 seconds 
  Import took 0.037740 seconds .

========================================================================
Received Import Request.
  Time since last request: 0.000189 seconds.
  path: Assets/Plugins/PolygonPrototype/Models/SM_Buildings_WallCurved_2x2_01.fbx
  artifactKey: Guid(fc9ab94d15b307848927c4690bfc3258) Importer(815301076,1909f56bfc062723c751e8b465ee728b)
Start importing Assets/Plugins/PolygonPrototype/Models/SM_Buildings_WallCurved_2x2_01.fbx using Guid(fc9ab94d15b307848927c4690bfc3258) Importer(815301076,1909f56bfc062723c751e8b465ee728b)  -> (artifact id: 'bf7230b159d4ca3d6cf11f694d9e466f') in 0.024359 seconds 
  Import took 0.028201 seconds .

========================================================================
Received Import Request.
  Time since last request: 0.000168 seconds.
  path: Assets/Plugins/PolygonPrototype/Prefabs/Buildings/Simple/SM_Buildings_WallCurved_5x5_01.prefab
  artifactKey: Guid(10efdfef6e4415a45ba89bee9e652816) Importer(815301076,1909f56bfc062723c751e8b465ee728b)
Start importing Assets/Plugins/PolygonPrototype/Prefabs/Buildings/Simple/SM_Buildings_WallCurved_5x5_01.prefab using Guid(10efdfef6e4415a45ba89bee9e652816) Importer(815301076,1909f56bfc062723c751e8b465ee728b)  -> (artifact id: '948c789c26e063dc5ba69661dd0a6ca0') in 0.017969 seconds 
  Import took 0.021081 seconds .

========================================================================
Received Import Request.
  Time since last request: 1.938618 seconds.
  path: Assets/Plugins/PolygonPrototype/Models/SM_Prop_Pipe_Curve_02.fbx
  artifactKey: Guid(deaeda937651a4e439c8186002bb29db) Importer(815301076,1909f56bfc062723c751e8b465ee728b)
Start importing Assets/Plugins/PolygonPrototype/Models/SM_Prop_Pipe_Curve_02.fbx using Guid(deaeda937651a4e439c8186002bb29db) Importer(815301076,1909f56bfc062723c751e8b465ee728b)  -> (artifact id: 'f8ca985be299ea84c3319e91f38ac836') in 0.035777 seconds 
  Import took 0.040110 seconds .

========================================================================
Received Import Request.
  Time since last request: 2.277194 seconds.
  path: Assets/Plugins/PolygonPrototype/Models/SM_Buildings_WallChamfered_1x1_01.fbx
  artifactKey: Guid(9c26cb658adccb94c9f058d4a0231e8d) Importer(815301076,1909f56bfc062723c751e8b465ee728b)
Start importing Assets/Plugins/PolygonPrototype/Models/SM_Buildings_WallChamfered_1x1_01.fbx using Guid(9c26cb658adccb94c9f058d4a0231e8d) Importer(815301076,1909f56bfc062723c751e8b465ee728b)  -> (artifact id: 'a14d946caf1cc500009ab7fe8a98b5f0') in 0.026045 seconds 
  Import took 0.029708 seconds .

========================================================================
Received Import Request.
  Time since last request: 0.000198 seconds.
  path: Assets/Plugins/PolygonPrototype/Models/SM_Buildings_WallDoorDouble_5x3_01.fbx
  artifactKey: Guid(48d84bda24591244bbc6b1afcb9c31ac) Importer(815301076,1909f56bfc062723c751e8b465ee728b)
Start importing Assets/Plugins/PolygonPrototype/Models/SM_Buildings_WallDoorDouble_5x3_01.fbx using Guid(48d84bda24591244bbc6b1afcb9c31ac) Importer(815301076,1909f56bfc062723c751e8b465ee728b)  -> (artifact id: '5b40e061a95c4693fe36c75215cbf14c') in 0.026285 seconds 
  Import took 0.030510 seconds .

========================================================================
Received Import Request.
  Time since last request: 0.000223 seconds.
  path: Assets/Plugins/PolygonPrototype/Models/SM_Buildings_WallWindow_5x3_01P.fbx
  artifactKey: Guid(410857ee5753fe94799f4f88e2e1102a) Importer(815301076,1909f56bfc062723c751e8b465ee728b)
Start importing Assets/Plugins/PolygonPrototype/Models/SM_Buildings_WallWindow_5x3_01P.fbx using Guid(410857ee5753fe94799f4f88e2e1102a) Importer(815301076,1909f56bfc062723c751e8b465ee728b)  -> (artifact id: 'f6c0061004b1655894497bc0c1f0e91f') in 0.027286 seconds 
  Import took 0.031163 seconds .

========================================================================
Received Import Request.
  Time since last request: 0.000211 seconds.
  path: Assets/Plugins/PolygonPrototype/Models/SM_Buildings_WallDoor_2x3_01.fbx
  artifactKey: Guid(3316d1e99a707354a8f7b236cf8726a8) Importer(815301076,1909f56bfc062723c751e8b465ee728b)
Start importing Assets/Plugins/PolygonPrototype/Models/SM_Buildings_WallDoor_2x3_01.fbx using Guid(3316d1e99a707354a8f7b236cf8726a8) Importer(815301076,1909f56bfc062723c751e8b465ee728b)  -> (artifact id: '97818222e01d08a6d0a7d919569ea08e') in 0.027869 seconds 
  Import took 0.030964 seconds .

========================================================================
Received Import Request.
  Time since last request: 0.000259 seconds.
  path: Assets/Plugins/PolygonPrototype/Models/SM_Buildings_WallChamfered_2x2_01P.fbx
  artifactKey: Guid(b47667a8840915147a5e57faf2c364d1) Importer(815301076,1909f56bfc062723c751e8b465ee728b)
Start importing Assets/Plugins/PolygonPrototype/Models/SM_Buildings_WallChamfered_2x2_01P.fbx using Guid(b47667a8840915147a5e57faf2c364d1) Importer(815301076,1909f56bfc062723c751e8b465ee728b)  -> (artifact id: '049a6b9dfe04e0085f4b3b7142eab6a6') in 0.027549 seconds 
  Import took 0.031657 seconds .

========================================================================
Received Import Request.
  Time since last request: 0.000190 seconds.
  path: Assets/Plugins/PolygonPrototype/Models/SM_Buildings_WallDoor_5x3_01P.fbx
  artifactKey: Guid(d02465c6b6027974ba95cfee1396578e) Importer(815301076,1909f56bfc062723c751e8b465ee728b)
Start importing Assets/Plugins/PolygonPrototype/Models/SM_Buildings_WallDoor_5x3_01P.fbx using Guid(d02465c6b6027974ba95cfee1396578e) Importer(815301076,1909f56bfc062723c751e8b465ee728b)  -> (artifact id: '1bb0e867718e329fed555fe0a4f7f97e') in 0.027911 seconds 
  Import took 0.032276 seconds .

========================================================================
Received Import Request.
  Time since last request: 0.000176 seconds.
  path: Assets/Plugins/PolygonPrototype/Models/SM_Buildings_WallDoorDouble_3x3_01.fbx
  artifactKey: Guid(b03bf55f951b3ff45b7ea8c12f63c67b) Importer(815301076,1909f56bfc062723c751e8b465ee728b)
Start importing Assets/Plugins/PolygonPrototype/Models/SM_Buildings_WallDoorDouble_3x3_01.fbx using Guid(b03bf55f951b3ff45b7ea8c12f63c67b) Importer(815301076,1909f56bfc062723c751e8b465ee728b)  -> (artifact id: '3886f1a685c405943643a4e1791b59aa') in 0.027697 seconds 
  Import took 0.031462 seconds .

========================================================================
Received Import Request.
  Time since last request: 0.000193 seconds.
  path: Assets/Plugins/PolygonPrototype/Models/SM_Buildings_WallWindow_2x3_01.fbx
  artifactKey: Guid(c61783dd79ffb5443ac65c3892395ad7) Importer(815301076,1909f56bfc062723c751e8b465ee728b)
Start importing Assets/Plugins/PolygonPrototype/Models/SM_Buildings_WallWindow_2x3_01.fbx using Guid(c61783dd79ffb5443ac65c3892395ad7) Importer(815301076,1909f56bfc062723c751e8b465ee728b)  -> (artifact id: 'acec3b2437f0f416eb5e6b094171542f') in 0.030264 seconds 
  Import took 0.033432 seconds .

========================================================================
Received Import Request.
  Time since last request: 0.000164 seconds.
  path: Assets/Plugins/PolygonPrototype/Models/SM_Buildings_WallWindowDouble_2x3_01.fbx
  artifactKey: Guid(7b6bc6e5974c1714f974a1c13f7a9bcb) Importer(815301076,1909f56bfc062723c751e8b465ee728b)
Start importing Assets/Plugins/PolygonPrototype/Models/SM_Buildings_WallWindowDouble_2x3_01.fbx using Guid(7b6bc6e5974c1714f974a1c13f7a9bcb) Importer(815301076,1909f56bfc062723c751e8b465ee728b)  -> (artifact id: 'd58fbf3ecab56abed0a5bf9832103f9c') in 0.029583 seconds 
  Import took 0.032402 seconds .

========================================================================
Received Import Request.
  Time since last request: 0.000192 seconds.
  path: Assets/Plugins/PolygonPrototype/Models/SM_Buildings_WallChamfered_5x5_01P.fbx
  artifactKey: Guid(09fc69f5358a8974180e97ce1c5c7511) Importer(815301076,1909f56bfc062723c751e8b465ee728b)
Start importing Assets/Plugins/PolygonPrototype/Models/SM_Buildings_WallChamfered_5x5_01P.fbx using Guid(09fc69f5358a8974180e97ce1c5c7511) Importer(815301076,1909f56bfc062723c751e8b465ee728b)  -> (artifact id: 'ebbb26a5c3c59b92d2f249ace6a95d16') in 0.030390 seconds 
  Import took 0.033486 seconds .

========================================================================
Received Import Request.
  Time since last request: 0.000182 seconds.
  path: Assets/Plugins/PolygonPrototype/Models/SM_Buildings_WallDoor_2x3_01P.fbx
  artifactKey: Guid(879974dbb9a22c44f9343b9d003127ab) Importer(815301076,1909f56bfc062723c751e8b465ee728b)
Start importing Assets/Plugins/PolygonPrototype/Models/SM_Buildings_WallDoor_2x3_01P.fbx using Guid(879974dbb9a22c44f9343b9d003127ab) Importer(815301076,1909f56bfc062723c751e8b465ee728b)  -> (artifact id: '80e11d53be6e9816d2c9f18c869b3b81') in 0.029195 seconds 
  Import took 0.033369 seconds .

========================================================================
Received Import Request.
  Time since last request: 0.000167 seconds.
  path: Assets/Plugins/PolygonPrototype/Models/SM_Buildings_WallDoor_5x3_01.fbx
  artifactKey: Guid(1e093714a281058458fef71aad1c76c5) Importer(815301076,1909f56bfc062723c751e8b465ee728b)
Start importing Assets/Plugins/PolygonPrototype/Models/SM_Buildings_WallDoor_5x3_01.fbx using Guid(1e093714a281058458fef71aad1c76c5) Importer(815301076,1909f56bfc062723c751e8b465ee728b)  -> (artifact id: '8f51d5c8a1dff4286d6df48b0a955f66') in 0.059228 seconds 
  Import took 0.062068 seconds .

========================================================================
Received Import Request.
  Time since last request: 0.000202 seconds.
  path: Assets/Plugins/PolygonPrototype/Models/SM_Buildings_WallWindow_2x3_01P.fbx
  artifactKey: Guid(b65c3f0a0873e8a4b8d22233d8e4cf23) Importer(815301076,1909f56bfc062723c751e8b465ee728b)
Start importing Assets/Plugins/PolygonPrototype/Models/SM_Buildings_WallWindow_2x3_01P.fbx using Guid(b65c3f0a0873e8a4b8d22233d8e4cf23) Importer(815301076,1909f56bfc062723c751e8b465ee728b)  -> (artifact id: 'ccd73ed1681788c35ebd6b436bcf249a') in 0.025632 seconds 
  Import took 0.029215 seconds .

========================================================================
Received Import Request.
  Time since last request: 0.000187 seconds.
  path: Assets/Plugins/PolygonPrototype/Models/SM_Buildings_WallDoorDouble_5x3_01P.fbx
  artifactKey: Guid(45ce4593ac20f634b98e0baef2fa39f5) Importer(815301076,1909f56bfc062723c751e8b465ee728b)
Start importing Assets/Plugins/PolygonPrototype/Models/SM_Buildings_WallDoorDouble_5x3_01P.fbx using Guid(45ce4593ac20f634b98e0baef2fa39f5) Importer(815301076,1909f56bfc062723c751e8b465ee728b)  -> (artifact id: 'ba549e40409fbf3ca5cc7dd21b72c225') in 0.026825 seconds 
  Import took 0.030588 seconds .

========================================================================
Received Import Request.
  Time since last request: 0.000187 seconds.
  path: Assets/Plugins/PolygonPrototype/Models/SM_Buildings_WallChamfered_5x5_01.fbx
  artifactKey: Guid(586b6902de4ce034dbeea84f24685b08) Importer(815301076,1909f56bfc062723c751e8b465ee728b)
Start importing Assets/Plugins/PolygonPrototype/Models/SM_Buildings_WallChamfered_5x5_01.fbx using Guid(586b6902de4ce034dbeea84f24685b08) Importer(815301076,1909f56bfc062723c751e8b465ee728b)  -> (artifact id: '0554aa65479ef2994033fedfbf5ed783') in 0.028187 seconds 
  Import took 0.031415 seconds .

========================================================================
Received Import Request.
  Time since last request: 0.000146 seconds.
  path: Assets/Plugins/PolygonPrototype/Models/SM_Buildings_WallDoorDouble_3x3_01P.fbx
  artifactKey: Guid(563a57b762071ce43b923dbb6e5c3a40) Importer(815301076,1909f56bfc062723c751e8b465ee728b)
Start importing Assets/Plugins/PolygonPrototype/Models/SM_Buildings_WallDoorDouble_3x3_01P.fbx using Guid(563a57b762071ce43b923dbb6e5c3a40) Importer(815301076,1909f56bfc062723c751e8b465ee728b)  -> (artifact id: '84841791287af8fffd72fb2e91e9bfbb') in 0.027895 seconds 
  Import took 0.031037 seconds .

========================================================================
Received Import Request.
  Time since last request: 0.000184 seconds.
  path: Assets/Plugins/PolygonPrototype/Models/SM_Buildings_WallChamfered_1x1_01P.fbx
  artifactKey: Guid(9ac9a80a618e39646a94f2d68b2c75a3) Importer(815301076,1909f56bfc062723c751e8b465ee728b)
Start importing Assets/Plugins/PolygonPrototype/Models/SM_Buildings_WallChamfered_1x1_01P.fbx using Guid(9ac9a80a618e39646a94f2d68b2c75a3) Importer(815301076,1909f56bfc062723c751e8b465ee728b)  -> (artifact id: 'a2402d606fae0a26bc6cced8cee2453d') in 0.032485 seconds 
  Import took 0.035632 seconds .

========================================================================
Received Import Request.
  Time since last request: 0.000181 seconds.
  path: Assets/Plugins/PolygonPrototype/Models/SM_Buildings_WallWindow_5x3_01.fbx
  artifactKey: Guid(927b2cef1fa08a14f8ad8a9fa70484f0) Importer(815301076,1909f56bfc062723c751e8b465ee728b)
Start importing Assets/Plugins/PolygonPrototype/Models/SM_Buildings_WallWindow_5x3_01.fbx using Guid(927b2cef1fa08a14f8ad8a9fa70484f0) Importer(815301076,1909f56bfc062723c751e8b465ee728b)  -> (artifact id: 'a892440b232859d45b2da8e00dede32a') in 0.024642 seconds 
  Import took 0.027714 seconds .

========================================================================
Received Import Request.
  Time since last request: 0.000175 seconds.
  path: Assets/Plugins/PolygonPrototype/Models/SM_Buildings_WallChamfered_2x2_01.fbx
  artifactKey: Guid(471d090967b61644f834501e5a1f4abd) Importer(815301076,1909f56bfc062723c751e8b465ee728b)
Start importing Assets/Plugins/PolygonPrototype/Models/SM_Buildings_WallChamfered_2x2_01.fbx using Guid(471d090967b61644f834501e5a1f4abd) Importer(815301076,1909f56bfc062723c751e8b465ee728b)  -> (artifact id: 'a8be25eb2a07215c693c60d841ee6ba7') in 0.025551 seconds 
  Import took 0.028034 seconds .

========================================================================
Received Import Request.
  Time since last request: 0.560212 seconds.
  path: Assets/Plugins/PolygonPrototype/Prefabs/Buildings/Simple/SM_Buildings_Stairs_1x3_02.prefab
  artifactKey: Guid(65942a5b1f206f345b0bf2f1ea3c28f5) Importer(815301076,1909f56bfc062723c751e8b465ee728b)
Start importing Assets/Plugins/PolygonPrototype/Prefabs/Buildings/Simple/SM_Buildings_Stairs_1x3_02.prefab using Guid(65942a5b1f206f345b0bf2f1ea3c28f5) Importer(815301076,1909f56bfc062723c751e8b465ee728b)  -> (artifact id: 'c17692edf4ef42a54b560f95d2105a18') in 0.026652 seconds 
  Import took 0.029486 seconds .

========================================================================
Received Import Request.
  Time since last request: 0.000249 seconds.
  path: Assets/Plugins/PolygonPrototype/Prefabs/Buildings/Simple/SM_Buildings_Wall_2x3_01.prefab
  artifactKey: Guid(4b9efef89fc1b8f4f984fa521ca2fc95) Importer(815301076,1909f56bfc062723c751e8b465ee728b)
Start importing Assets/Plugins/PolygonPrototype/Prefabs/Buildings/Simple/SM_Buildings_Wall_2x3_01.prefab using Guid(4b9efef89fc1b8f4f984fa521ca2fc95) Importer(815301076,1909f56bfc062723c751e8b465ee728b)  -> (artifact id: 'e248f22f4f20e9384b76cdd21f98e733') in 0.022380 seconds 
  Import took 0.025482 seconds .

========================================================================
Received Import Request.
  Time since last request: 0.000262 seconds.
  path: Assets/Plugins/PolygonPrototype/Prefabs/Buildings/Simple/SM_Buildings_Wall_1x3_01.prefab
  artifactKey: Guid(df31c83b27360844d9c8bb3549762491) Importer(815301076,1909f56bfc062723c751e8b465ee728b)
Start importing Assets/Plugins/PolygonPrototype/Prefabs/Buildings/Simple/SM_Buildings_Wall_1x3_01.prefab using Guid(df31c83b27360844d9c8bb3549762491) Importer(815301076,1909f56bfc062723c751e8b465ee728b)  -> (artifact id: '7b1aa7f68e28edc9fee4a9e9845e712d') in 0.021440 seconds 
  Import took 0.024383 seconds .

========================================================================
Received Import Request.
  Time since last request: 0.000261 seconds.
  path: Assets/Plugins/PolygonPrototype/Prefabs/Buildings/Simple/SM_Buildings_WallChamfered_5x5_01.prefab
  artifactKey: Guid(9cb66282bdc82ac4292b250058ce03d6) Importer(815301076,1909f56bfc062723c751e8b465ee728b)
Start importing Assets/Plugins/PolygonPrototype/Prefabs/Buildings/Simple/SM_Buildings_WallChamfered_5x5_01.prefab using Guid(9cb66282bdc82ac4292b250058ce03d6) Importer(815301076,1909f56bfc062723c751e8b465ee728b)  -> (artifact id: '47e867b348504193b5c795274ef1190b') in 0.013460 seconds 
  Import took 0.017749 seconds .

========================================================================
Received Import Request.
  Time since last request: 0.000205 seconds.
  path: Assets/Plugins/PolygonPrototype/Prefabs/Buildings/Simple/SM_Buildings_WallDoor_5x3_01.prefab
  artifactKey: Guid(66588b2f1f8096040b3ab1ce89b3af47) Importer(815301076,1909f56bfc062723c751e8b465ee728b)
Start importing Assets/Plugins/PolygonPrototype/Prefabs/Buildings/Simple/SM_Buildings_WallDoor_5x3_01.prefab using Guid(66588b2f1f8096040b3ab1ce89b3af47) Importer(815301076,1909f56bfc062723c751e8b465ee728b)  -> (artifact id: '3f09521a28a517e9e097f5df41158353') in 0.013051 seconds 
  Import took 0.016703 seconds .

========================================================================
Received Import Request.
  Time since last request: 0.000258 seconds.
  path: Assets/Plugins/PolygonPrototype/Prefabs/Buildings/Simple/SM_Buildings_WallDoor_2x3_01.prefab
  artifactKey: Guid(19b73e565ad468d41b78dad854dab176) Importer(815301076,1909f56bfc062723c751e8b465ee728b)
Start importing Assets/Plugins/PolygonPrototype/Prefabs/Buildings/Simple/SM_Buildings_WallDoor_2x3_01.prefab using Guid(19b73e565ad468d41b78dad854dab176) Importer(815301076,1909f56bfc062723c751e8b465ee728b)  -> (artifact id: 'c43ae9e097f13b3cb3d9c409ef457921') in 0.012504 seconds 
  Import took 0.015111 seconds .

========================================================================
Received Import Request.
  Time since last request: 0.000206 seconds.
  path: Assets/Plugins/PolygonPrototype/Prefabs/Buildings/Simple/SM_Buildings_WallDoorDouble_3x3_01.prefab
  artifactKey: Guid(6c9c8f866a80807479f0038322f300da) Importer(815301076,1909f56bfc062723c751e8b465ee728b)
Start importing Assets/Plugins/PolygonPrototype/Prefabs/Buildings/Simple/SM_Buildings_WallDoorDouble_3x3_01.prefab using Guid(6c9c8f866a80807479f0038322f300da) Importer(815301076,1909f56bfc062723c751e8b465ee728b)  -> (artifact id: '542537025a74ae6a5fc8f92b6d8625b3') in 0.013754 seconds 
  Import took 0.016956 seconds .

========================================================================
Received Import Request.
  Time since last request: 0.000206 seconds.
  path: Assets/Plugins/PolygonPrototype/Prefabs/Buildings/Simple/SM_Prop_Ladder_1x1_01.prefab
  artifactKey: Guid(a920d1c3a6e813f49927af09b95ebe53) Importer(815301076,1909f56bfc062723c751e8b465ee728b)
Start importing Assets/Plugins/PolygonPrototype/Prefabs/Buildings/Simple/SM_Prop_Ladder_1x1_01.prefab using Guid(a920d1c3a6e813f49927af09b95ebe53) Importer(815301076,1909f56bfc062723c751e8b465ee728b)  -> (artifact id: '1616da23e7f60614858d4a00da9390ec') in 0.022684 seconds 
  Import took 0.027450 seconds .

========================================================================
Received Import Request.
  Time since last request: 0.000176 seconds.
  path: Assets/Plugins/PolygonPrototype/Prefabs/Buildings/Simple/SM_Buildings_Wall_5x3_01.prefab
  artifactKey: Guid(46e18d94e2668c5479029197e6379a8e) Importer(815301076,1909f56bfc062723c751e8b465ee728b)
Start importing Assets/Plugins/PolygonPrototype/Prefabs/Buildings/Simple/SM_Buildings_Wall_5x3_01.prefab using Guid(46e18d94e2668c5479029197e6379a8e) Importer(815301076,1909f56bfc062723c751e8b465ee728b)  -> (artifact id: '5d96c1b13e560b860fda2f405ce13c7c') in 0.022826 seconds 
  Import took 0.026089 seconds .

========================================================================
Received Import Request.
  Time since last request: 0.000197 seconds.
  path: Assets/Plugins/PolygonPrototype/Prefabs/Buildings/Simple/SM_Prop_Ladder_1x4_01.prefab
  artifactKey: Guid(04485dce6b529644bb11e46fe8294e73) Importer(815301076,1909f56bfc062723c751e8b465ee728b)
Start importing Assets/Plugins/PolygonPrototype/Prefabs/Buildings/Simple/SM_Prop_Ladder_1x4_01.prefab using Guid(04485dce6b529644bb11e46fe8294e73) Importer(815301076,1909f56bfc062723c751e8b465ee728b)  -> (artifact id: '02e5289c7488ce351f92df810affe5ec') in 0.020801 seconds 
  Import took 0.023610 seconds .

========================================================================
Received Import Request.
  Time since last request: 0.000205 seconds.
  path: Assets/Plugins/PolygonPrototype/Prefabs/Buildings/Simple/SM_Buildings_WallChamfered_2x2_01.prefab
  artifactKey: Guid(0017824d0587b5a4a8e7e545e1e4f1a9) Importer(815301076,1909f56bfc062723c751e8b465ee728b)
Start importing Assets/Plugins/PolygonPrototype/Prefabs/Buildings/Simple/SM_Buildings_WallChamfered_2x2_01.prefab using Guid(0017824d0587b5a4a8e7e545e1e4f1a9) Importer(815301076,1909f56bfc062723c751e8b465ee728b)  -> (artifact id: '1870d2f6c2f9d8af8cfb94121d1c494b') in 0.016719 seconds 
  Import took 0.020431 seconds .

========================================================================
Received Import Request.
  Time since last request: 0.000175 seconds.
  path: Assets/Plugins/PolygonPrototype/Prefabs/Buildings/Simple/SM_Buildings_WallWindowDouble_2x3_01.prefab
  artifactKey: Guid(5d301e1cbd0438c408aa7ba90cb10db7) Importer(815301076,1909f56bfc062723c751e8b465ee728b)
Start importing Assets/Plugins/PolygonPrototype/Prefabs/Buildings/Simple/SM_Buildings_WallWindowDouble_2x3_01.prefab using Guid(5d301e1cbd0438c408aa7ba90cb10db7) Importer(815301076,1909f56bfc062723c751e8b465ee728b)  -> (artifact id: 'd749dca464e1cbaa0533e044fc9184da') in 0.013858 seconds 
  Import took 0.017687 seconds .

========================================================================
Received Import Request.
  Time since last request: 0.000230 seconds.
  path: Assets/Plugins/PolygonPrototype/Prefabs/Buildings/Simple/SM_Buildings_WallWindow_5x3_01.prefab
  artifactKey: Guid(5b1d1e0afbc306648ba00b80061f5870) Importer(815301076,1909f56bfc062723c751e8b465ee728b)
Start importing Assets/Plugins/PolygonPrototype/Prefabs/Buildings/Simple/SM_Buildings_WallWindow_5x3_01.prefab using Guid(5b1d1e0afbc306648ba00b80061f5870) Importer(815301076,1909f56bfc062723c751e8b465ee728b)  -> (artifact id: '12b807c37727e779bd3e14e49a1f5238') in 0.016338 seconds 
  Import took 0.020261 seconds .

========================================================================
Received Import Request.
  Time since last request: 0.000171 seconds.
  path: Assets/Plugins/PolygonPrototype/Prefabs/Buildings/Simple/SM_Buildings_WallWindowDouble_5x3_01.prefab
  artifactKey: Guid(54634004fe05e614b9925b8618f478d7) Importer(815301076,1909f56bfc062723c751e8b465ee728b)
Start importing Assets/Plugins/PolygonPrototype/Prefabs/Buildings/Simple/SM_Buildings_WallWindowDouble_5x3_01.prefab using Guid(54634004fe05e614b9925b8618f478d7) Importer(815301076,1909f56bfc062723c751e8b465ee728b)  -> (artifact id: 'c9d0de3750304a2c343633b8ff768458') in 0.023129 seconds 
  Import took 0.026533 seconds .

========================================================================
Received Import Request.
  Time since last request: 0.000179 seconds.
  path: Assets/Plugins/PolygonPrototype/Prefabs/Buildings/Simple/SM_Buildings_WindowFrame_01.prefab
  artifactKey: Guid(c77eadb2f29149f4aadde1626938d6af) Importer(815301076,1909f56bfc062723c751e8b465ee728b)
Start importing Assets/Plugins/PolygonPrototype/Prefabs/Buildings/Simple/SM_Buildings_WindowFrame_01.prefab using Guid(c77eadb2f29149f4aadde1626938d6af) Importer(815301076,1909f56bfc062723c751e8b465ee728b)  -> (artifact id: 'a9cf00bca8f1cbfdc3e6d4ffa1fecc71') in 0.021075 seconds 
  Import took 0.025188 seconds .

========================================================================
Received Import Request.
  Time since last request: 0.000194 seconds.
  path: Assets/Plugins/PolygonPrototype/Prefabs/Buildings/Simple/SM_Buildings_WallChamfered_1x1_01.prefab
  artifactKey: Guid(1222d2e9b6ea4c8478d75934e9a98b46) Importer(815301076,1909f56bfc062723c751e8b465ee728b)
Start importing Assets/Plugins/PolygonPrototype/Prefabs/Buildings/Simple/SM_Buildings_WallChamfered_1x1_01.prefab using Guid(1222d2e9b6ea4c8478d75934e9a98b46) Importer(815301076,1909f56bfc062723c751e8b465ee728b)  -> (artifact id: '593420477777674e04878441ef90fce6') in 0.014183 seconds 
  Import took 0.017140 seconds .

========================================================================
Received Import Request.
  Time since last request: 0.000178 seconds.
  path: Assets/Plugins/PolygonPrototype/Prefabs/Buildings/Simple/SM_Buildings_WallDoorDouble_5x3_01.prefab
  artifactKey: Guid(03c0615099994904196c8337e215ed82) Importer(815301076,1909f56bfc062723c751e8b465ee728b)
Start importing Assets/Plugins/PolygonPrototype/Prefabs/Buildings/Simple/SM_Buildings_WallDoorDouble_5x3_01.prefab using Guid(03c0615099994904196c8337e215ed82) Importer(815301076,1909f56bfc062723c751e8b465ee728b)  -> (artifact id: '73d90fb5860d282994cd07cbe3ef9210') in 0.015535 seconds 
  Import took 0.019480 seconds .

========================================================================
Received Import Request.
  Time since last request: 0.000181 seconds.
  path: Assets/Plugins/PolygonPrototype/Prefabs/Buildings/Simple/SM_Prop_Ladder_1x2_01.prefab
  artifactKey: Guid(7e67214582eed1e4b954243d2b549111) Importer(815301076,1909f56bfc062723c751e8b465ee728b)
Start importing Assets/Plugins/PolygonPrototype/Prefabs/Buildings/Simple/SM_Prop_Ladder_1x2_01.prefab using Guid(7e67214582eed1e4b954243d2b549111) Importer(815301076,1909f56bfc062723c751e8b465ee728b)  -> (artifact id: '9dbae33e8a2ca5efe2dd552138df5b14') in 0.024010 seconds 
  Import took 0.027298 seconds .

========================================================================
Received Import Request.
  Time since last request: 0.000175 seconds.
  path: Assets/Plugins/PolygonPrototype/Prefabs/Buildings/Simple/SM_Buildings_WallWindow_2x3_01.prefab
  artifactKey: Guid(48f207693c6c2b2449e56a263751e47b) Importer(815301076,1909f56bfc062723c751e8b465ee728b)
Start importing Assets/Plugins/PolygonPrototype/Prefabs/Buildings/Simple/SM_Buildings_WallWindow_2x3_01.prefab using Guid(48f207693c6c2b2449e56a263751e47b) Importer(815301076,1909f56bfc062723c751e8b465ee728b)  -> (artifact id: '6b726cae8a2bfa11b46f7ac40c7d8b92') in 0.015045 seconds 
  Import took 0.017909 seconds .

========================================================================
Received Import Request.
  Time since last request: 0.000257 seconds.
  path: Assets/Plugins/PolygonPrototype/Prefabs/Buildings/Simple/SM_Buildings_WallArch_2x3_01.prefab
  artifactKey: Guid(71603a6e66ae486469f72bae2aef45a6) Importer(815301076,1909f56bfc062723c751e8b465ee728b)
Start importing Assets/Plugins/PolygonPrototype/Prefabs/Buildings/Simple/SM_Buildings_WallArch_2x3_01.prefab using Guid(71603a6e66ae486469f72bae2aef45a6) Importer(815301076,1909f56bfc062723c751e8b465ee728b)  -> (artifact id: 'cf828dc7e58709b345a5c253e208cf30') in 0.022600 seconds 
  Import took 0.026626 seconds .

========================================================================
Received Import Request.
  Time since last request: 114.658985 seconds.
  path: Assets/Plugins/PolygonPrototype/Models/SM_Icon_Pencil_01.fbx
  artifactKey: Guid(b0d597e2cb3232845b2c5bdbe32e6860) Importer(815301076,1909f56bfc062723c751e8b465ee728b)
Start importing Assets/Plugins/PolygonPrototype/Models/SM_Icon_Pencil_01.fbx using Guid(b0d597e2cb3232845b2c5bdbe32e6860) Importer(815301076,1909f56bfc062723c751e8b465ee728b)  -> (artifact id: '127d4c48d998116e598eb38530a4b764') in 0.026316 seconds 
  Import took 0.029837 seconds .

========================================================================
Received Import Request.
  Time since last request: 1.930506 seconds.
  path: Assets/Plugins/PolygonPrototype/Models/SM_Icon_Circle_01.fbx
  artifactKey: Guid(2448bd6a5888ad646b8c665e877aaaed) Importer(815301076,1909f56bfc062723c751e8b465ee728b)
Start importing Assets/Plugins/PolygonPrototype/Models/SM_Icon_Circle_01.fbx using Guid(2448bd6a5888ad646b8c665e877aaaed) Importer(815301076,1909f56bfc062723c751e8b465ee728b)  -> (artifact id: '485897cce2e385b5a904e3891833e6ed') in 0.026784 seconds 
  Import took 0.029435 seconds .

========================================================================
Received Import Request.
  Time since last request: 0.000215 seconds.
  path: Assets/Plugins/PolygonPrototype/Models/SM_Icon_Error_Circle_01.fbx
  artifactKey: Guid(13713800a76c2b241afb8c411f2630de) Importer(815301076,1909f56bfc062723c751e8b465ee728b)
Start importing Assets/Plugins/PolygonPrototype/Models/SM_Icon_Error_Circle_01.fbx using Guid(13713800a76c2b241afb8c411f2630de) Importer(815301076,1909f56bfc062723c751e8b465ee728b)  -> (artifact id: '2bcde482666508511c9e81b160aa87c9') in 0.027732 seconds 
  Import took 0.030990 seconds .

========================================================================
Received Import Request.
  Time since last request: 16.369991 seconds.
  path: Assets/Plugins/Mirror/Examples/MultipleAdditiveScenes/Materials/Physics/Icosphere.physicMaterial
  artifactKey: Guid(47163bc0301c1a146bbaa4d539a6ac36) Importer(815301076,1909f56bfc062723c751e8b465ee728b)
Start importing Assets/Plugins/Mirror/Examples/MultipleAdditiveScenes/Materials/Physics/Icosphere.physicMaterial using Guid(47163bc0301c1a146bbaa4d539a6ac36) Importer(815301076,1909f56bfc062723c751e8b465ee728b)  -> (artifact id: 'd879ce0b06516bd82507501a82e40476') in 0.018313 seconds 
  Import took 0.021101 seconds .

========================================================================
Received Import Request.
  Time since last request: 0.000215 seconds.
  path: Assets/Plugins/PolygonPrototype/Models/SM_Primitive_Sphere_01.fbx
  artifactKey: Guid(e49c959f3097f964e85dde87cf1eca2f) Importer(815301076,1909f56bfc062723c751e8b465ee728b)
Start importing Assets/Plugins/PolygonPrototype/Models/SM_Primitive_Sphere_01.fbx using Guid(e49c959f3097f964e85dde87cf1eca2f) Importer(815301076,1909f56bfc062723c751e8b465ee728b)  -> (artifact id: 'd99afa7aac00270a9c69913ba8db9c53') in 0.017313 seconds 
  Import took 0.020745 seconds .

========================================================================
Received Import Request.
  Time since last request: 0.000381 seconds.
  path: Assets/Plugins/PolygonPrototype/Models/SM_Primitive_Sphere_02.fbx
  artifactKey: Guid(e8ba51a934eb276468729107e5d3143f) Importer(815301076,1909f56bfc062723c751e8b465ee728b)
Start importing Assets/Plugins/PolygonPrototype/Models/SM_Primitive_Sphere_02.fbx using Guid(e8ba51a934eb276468729107e5d3143f) Importer(815301076,1909f56bfc062723c751e8b465ee728b)  -> (artifact id: '12007388519eb1af866286e12bcafb51') in 0.025061 seconds 
  Import took 0.028412 seconds .

========================================================================
Received Import Request.
  Time since last request: 0.000200 seconds.
  path: Assets/Plugins/PolygonPrototype/Models/SM_Primitive_Sphere_03.fbx
  artifactKey: Guid(041af9d6be7b54e4cbc5136070a39312) Importer(815301076,1909f56bfc062723c751e8b465ee728b)
Start importing Assets/Plugins/PolygonPrototype/Models/SM_Primitive_Sphere_03.fbx using Guid(041af9d6be7b54e4cbc5136070a39312) Importer(815301076,1909f56bfc062723c751e8b465ee728b)  -> (artifact id: '815cbffd39b9a4fe9ee625008de49887') in 0.026320 seconds 
  Import took 0.029674 seconds .

========================================================================
Received Import Request.
  Time since last request: 0.000166 seconds.
  path: Assets/Plugins/Mirror/Examples/MultipleAdditiveScenes/Models/Icosphere/Icosphere.obj
  artifactKey: Guid(1fe56a0e685b8434ebfeb53c69b59a5e) Importer(815301076,1909f56bfc062723c751e8b465ee728b)
Start importing Assets/Plugins/Mirror/Examples/MultipleAdditiveScenes/Models/Icosphere/Icosphere.obj using Guid(1fe56a0e685b8434ebfeb53c69b59a5e) Importer(815301076,1909f56bfc062723c751e8b465ee728b)  -> (artifact id: 'b757bbffe2bea941c20420815c5ba850') in 0.278344 seconds 
  Import took 0.281194 seconds .

========================================================================
Received Import Request.
  Time since last request: 0.000150 seconds.
  path: Assets/Plugins/PolygonPrototype/Prefabs/Primitives/Polygon/SM_Primitive_Sphere_01P.prefab
  artifactKey: Guid(75cbfbdf6245a814f985c76501467071) Importer(815301076,1909f56bfc062723c751e8b465ee728b)
Start importing Assets/Plugins/PolygonPrototype/Prefabs/Primitives/Polygon/SM_Primitive_Sphere_01P.prefab using Guid(75cbfbdf6245a814f985c76501467071) Importer(815301076,1909f56bfc062723c751e8b465ee728b)  -> (artifact id: '53b5a9f855662e7c28a5d3d7c41260f9') in 0.046528 seconds 
  Import took 0.050451 seconds .

========================================================================
Received Import Request.
  Time since last request: 0.000259 seconds.
  path: Assets/Plugins/Mirror/Examples/MultipleAdditiveScenes/Models/Icosphere/Materials/Icosphere.mat
  artifactKey: Guid(7e6bf26596c6f564097734c7cc319e15) Importer(815301076,1909f56bfc062723c751e8b465ee728b)
Start importing Assets/Plugins/Mirror/Examples/MultipleAdditiveScenes/Models/Icosphere/Materials/Icosphere.mat using Guid(7e6bf26596c6f564097734c7cc319e15) Importer(815301076,1909f56bfc062723c751e8b465ee728b)  -> (artifact id: '4cc24e78a1882f49848223a30cb87abc') in 0.020629 seconds 
  Import took 0.023695 seconds .

========================================================================
Received Import Request.
  Time since last request: 0.000190 seconds.
  path: Assets/Plugins/Mirror/Examples/MultipleAdditiveScenes/Prefabs/Icosphere.prefab
  artifactKey: Guid(a104de86221e66a48832c222471d4f1e) Importer(815301076,1909f56bfc062723c751e8b465ee728b)
Start importing Assets/Plugins/Mirror/Examples/MultipleAdditiveScenes/Prefabs/Icosphere.prefab using Guid(a104de86221e66a48832c222471d4f1e) Importer(815301076,1909f56bfc062723c751e8b465ee728b)  -> (artifact id: '07e6c37040b7053202bab613dd3e3db4') in 0.027967 seconds 
  Import took 0.030919 seconds .

========================================================================
Received Import Request.
  Time since last request: 0.000199 seconds.
  path: Assets/Plugins/PolygonPrototype/Models/SM_Primitive_Sphere_01P.fbx
  artifactKey: Guid(48add65712a68664db1c16a2ac14f5ae) Importer(815301076,1909f56bfc062723c751e8b465ee728b)
Start importing Assets/Plugins/PolygonPrototype/Models/SM_Primitive_Sphere_01P.fbx using Guid(48add65712a68664db1c16a2ac14f5ae) Importer(815301076,1909f56bfc062723c751e8b465ee728b)  -> (artifact id: 'edcc8faf0dd8bfdb2c2b7779dd010de7') in 0.018756 seconds 
  Import took 0.022602 seconds .

========================================================================
Received Import Request.
  Time since last request: 0.000201 seconds.
  path: Assets/Plugins/PolygonPrototype/Models/SM_Primitive_Sphere_04.fbx
  artifactKey: Guid(b24046b972ef6b94d9697f66c8032769) Importer(815301076,1909f56bfc062723c751e8b465ee728b)
Start importing Assets/Plugins/PolygonPrototype/Models/SM_Primitive_Sphere_04.fbx using Guid(b24046b972ef6b94d9697f66c8032769) Importer(815301076,1909f56bfc062723c751e8b465ee728b)  -> (artifact id: '0b9072d7819f33fd14e39c1a1b3cff74') in 0.028588 seconds 
  Import took 0.031464 seconds .

========================================================================
Received Import Request.
  Time since last request: 0.000198 seconds.
  path: Assets/Plugins/Mirror/Examples/AdditiveScenes/Materials/Sphere.mat
  artifactKey: Guid(58936713efca1ec488624ee297b5d687) Importer(815301076,1909f56bfc062723c751e8b465ee728b)
Start importing Assets/Plugins/Mirror/Examples/AdditiveScenes/Materials/Sphere.mat using Guid(58936713efca1ec488624ee297b5d687) Importer(815301076,1909f56bfc062723c751e8b465ee728b)  -> (artifact id: '3ba6919fa5350cb77171413b18e87d62') in 0.400070 seconds 
  Import took 0.404087 seconds .

========================================================================
Received Import Request.
  Time since last request: 0.000178 seconds.
  path: Assets/Plugins/PolygonPrototype/Models/SM_Primitive_Sphere_05.fbx
  artifactKey: Guid(ce8f07fe59a27e54a9a176b4f97f75ff) Importer(815301076,1909f56bfc062723c751e8b465ee728b)
Start importing Assets/Plugins/PolygonPrototype/Models/SM_Primitive_Sphere_05.fbx using Guid(ce8f07fe59a27e54a9a176b4f97f75ff) Importer(815301076,1909f56bfc062723c751e8b465ee728b)  -> (artifact id: 'ee3011c95477d012787693d2c2088b02') in 0.029086 seconds 
  Import took 0.032298 seconds .

========================================================================
Received Import Request.
  Time since last request: 0.000179 seconds.
  path: Assets/Plugins/Mirror/Examples/AdditiveScenes/Prefabs/Sphere.prefab
  artifactKey: Guid(f6d08eb9a8e35d84fa30a7e3ae64181a) Importer(815301076,1909f56bfc062723c751e8b465ee728b)
Start importing Assets/Plugins/Mirror/Examples/AdditiveScenes/Prefabs/Sphere.prefab using Guid(f6d08eb9a8e35d84fa30a7e3ae64181a) Importer(815301076,1909f56bfc062723c751e8b465ee728b)  -> (artifact id: '46155f848c6878d34ebac2d36abc5cd6') in 0.031622 seconds 
  Import took 0.036056 seconds .

========================================================================
Received Prepare
Registering precompiled user dll's ...
Registered in 0.007311 seconds.
Begin MonoManager ReloadAssembly
Native extension for WindowsStandalone target not found
Refreshing native plugins compatible for Editor in 0.58 ms, found 2 plugins.
Preloading 0 native plugins for Editor in 0.00 ms.
Mono: successfully reloaded assembly
- Completed reload, in  1.217 seconds
Domain Reload Profiling:
	ReloadAssembly (1218ms)
		BeginReloadAssembly (143ms)
			ExecutionOrderSort (0ms)
			DisableScriptedObjects (4ms)
			BackupInstance (0ms)
			ReleaseScriptingObjects (0ms)
			CreateAndSetChildDomain (36ms)
		EndReloadAssembly (991ms)
			LoadAssemblies (125ms)
			RebuildTransferFunctionScriptingTraits (0ms)
			SetupTypeCache (325ms)
			ReleaseScriptCaches (1ms)
			RebuildScriptCaches (52ms)
			SetupLoadedEditorAssemblies (381ms)
				LogAssemblyErrors (0ms)
				InitializePlatformSupportModulesInManaged (6ms)
				SetLoadedEditorAssemblies (0ms)
				RefreshPlugins (1ms)
				BeforeProcessingInitializeOnLoad (96ms)
				ProcessInitializeOnLoadAttributes (250ms)
				ProcessInitializeOnLoadMethodAttributes (14ms)
				AfterProcessingInitializeOnLoad (15ms)
				EditorAssembliesLoaded (0ms)
			ExecutionOrderSort2 (0ms)
			AwakeInstancesAfterBackupRestoration (7ms)
Platform modules already initialized, skipping
Refreshing native plugins compatible for Editor in 0.48 ms, found 2 plugins.
Preloading 0 native plugins for Editor in 0.00 ms.
Unloading 1747 Unused Serialized files (Serialized files now loaded: 0)
System memory in use before: 82.9 MB.
System memory in use after: 83.0 MB.

Unloading 19 unused Assets to reduce memory usage. Loaded Objects now: 2257.
Total: 2.953300 ms (FindLiveObjects: 0.147900 ms CreateObjectMapping: 0.054100 ms MarkObjects: 2.730000 ms  DeleteObjects: 0.019600 ms)

AssetImportParameters requested are different than current active one (requested -> active):
  custom:framework-win-MediaFoundation: 216162199b28c13a410421893ffa2e32 -> 
  custom:video-decoder-ogg-theora: a1e56fd34408186e4bbccfd4996cb3dc -> 
  custom:container-muxer-webm: aa71ff27fc2769a1b78a27578f13a17b -> 
  custom:container-demuxer-webm: 4f35f7cbe854078d1ac9338744f61a02 -> 
  custom:container-demuxer-ogg: 62fdf1f143b41e24485cea50d1cbac27 -> 
  custom:video-encoder-webm-vp8: eb34c28f22e8b96e1ab97ce403110664 -> 
  custom:video-decoder-webm-vp8: 9c59270c3fd7afecdb556c50c9e8de78 -> 
  custom:audio-decoder-ogg-vorbis: bf7c407c2cedff20999df2af8eb42d56 -> 
  custom:audio-encoder-webm-vorbis: bf7c407c2cedff20999df2af8eb42d56 -> 
========================================================================
Received Prepare
Registering precompiled user dll's ...
Registered in 0.006772 seconds.
Begin MonoManager ReloadAssembly
Native extension for WindowsStandalone target not found
Refreshing native plugins compatible for Editor in 0.73 ms, found 2 plugins.
Preloading 0 native plugins for Editor in 0.00 ms.
Mono: successfully reloaded assembly
- Completed reload, in  1.283 seconds
Domain Reload Profiling:
	ReloadAssembly (1283ms)
		BeginReloadAssembly (141ms)
			ExecutionOrderSort (0ms)
			DisableScriptedObjects (5ms)
			BackupInstance (0ms)
			ReleaseScriptingObjects (0ms)
			CreateAndSetChildDomain (39ms)
		EndReloadAssembly (1052ms)
			LoadAssemblies (113ms)
			RebuildTransferFunctionScriptingTraits (0ms)
			SetupTypeCache (343ms)
			ReleaseScriptCaches (1ms)
			RebuildScriptCaches (55ms)
			SetupLoadedEditorAssemblies (434ms)
				LogAssemblyErrors (0ms)
				InitializePlatformSupportModulesInManaged (7ms)
				SetLoadedEditorAssemblies (1ms)
				RefreshPlugins (1ms)
				BeforeProcessingInitializeOnLoad (112ms)
				ProcessInitializeOnLoadAttributes (288ms)
				ProcessInitializeOnLoadMethodAttributes (12ms)
				AfterProcessingInitializeOnLoad (13ms)
				EditorAssembliesLoaded (0ms)
			ExecutionOrderSort2 (0ms)
			AwakeInstancesAfterBackupRestoration (7ms)
Platform modules already initialized, skipping
Refreshing native plugins compatible for Editor in 0.50 ms, found 2 plugins.
Preloading 0 native plugins for Editor in 0.00 ms.
Unloading 1747 Unused Serialized files (Serialized files now loaded: 0)
System memory in use before: 82.9 MB.
System memory in use after: 83.1 MB.

Unloading 18 unused Assets to reduce memory usage. Loaded Objects now: 2259.
Total: 3.176600 ms (FindLiveObjects: 0.245600 ms CreateObjectMapping: 0.230100 ms MarkObjects: 2.684000 ms  DeleteObjects: 0.015700 ms)

AssetImportParameters requested are different than current active one (requested -> active):
  custom:framework-win-MediaFoundation: 216162199b28c13a410421893ffa2e32 -> 
  custom:video-decoder-ogg-theora: a1e56fd34408186e4bbccfd4996cb3dc -> 
  custom:container-muxer-webm: aa71ff27fc2769a1b78a27578f13a17b -> 
  custom:container-demuxer-webm: 4f35f7cbe854078d1ac9338744f61a02 -> 
  custom:container-demuxer-ogg: 62fdf1f143b41e24485cea50d1cbac27 -> 
  custom:video-encoder-webm-vp8: eb34c28f22e8b96e1ab97ce403110664 -> 
  custom:video-decoder-webm-vp8: 9c59270c3fd7afecdb556c50c9e8de78 -> 
  custom:audio-decoder-ogg-vorbis: bf7c407c2cedff20999df2af8eb42d56 -> 
  custom:audio-encoder-webm-vorbis: bf7c407c2cedff20999df2af8eb42d56 -> 
========================================================================
Received Prepare
Registering precompiled user dll's ...
Registered in 0.047301 seconds.
Begin MonoManager ReloadAssembly
Native extension for WindowsStandalone target not found
Refreshing native plugins compatible for Editor in 0.47 ms, found 2 plugins.
Preloading 0 native plugins for Editor in 0.00 ms.
Mono: successfully reloaded assembly
- Completed reload, in  1.385 seconds
Domain Reload Profiling:
	ReloadAssembly (1391ms)
		BeginReloadAssembly (273ms)
			ExecutionOrderSort (0ms)
			DisableScriptedObjects (28ms)
			BackupInstance (0ms)
			ReleaseScriptingObjects (0ms)
			CreateAndSetChildDomain (117ms)
		EndReloadAssembly (1033ms)
			LoadAssemblies (133ms)
			RebuildTransferFunctionScriptingTraits (0ms)
			SetupTypeCache (302ms)
			ReleaseScriptCaches (1ms)
			RebuildScriptCaches (42ms)
			SetupLoadedEditorAssemblies (463ms)
				LogAssemblyErrors (0ms)
				InitializePlatformSupportModulesInManaged (6ms)
				SetLoadedEditorAssemblies (1ms)
				RefreshPlugins (1ms)
				BeforeProcessingInitializeOnLoad (100ms)
				ProcessInitializeOnLoadAttributes (327ms)
				ProcessInitializeOnLoadMethodAttributes (13ms)
				AfterProcessingInitializeOnLoad (15ms)
				EditorAssembliesLoaded (0ms)
			ExecutionOrderSort2 (0ms)
			AwakeInstancesAfterBackupRestoration (7ms)
Platform modules already initialized, skipping
Refreshing native plugins compatible for Editor in 0.48 ms, found 2 plugins.
Preloading 0 native plugins for Editor in 0.00 ms.
Unloading 1747 Unused Serialized files (Serialized files now loaded: 0)
System memory in use before: 83.0 MB.
System memory in use after: 83.1 MB.

Unloading 18 unused Assets to reduce memory usage. Loaded Objects now: 2261.
Total: 3.377200 ms (FindLiveObjects: 0.177500 ms CreateObjectMapping: 0.054600 ms MarkObjects: 3.112700 ms  DeleteObjects: 0.029800 ms)

AssetImportParameters requested are different than current active one (requested -> active):
  custom:framework-win-MediaFoundation: 216162199b28c13a410421893ffa2e32 -> 
  custom:video-decoder-ogg-theora: a1e56fd34408186e4bbccfd4996cb3dc -> 
  custom:container-muxer-webm: aa71ff27fc2769a1b78a27578f13a17b -> 
  custom:container-demuxer-webm: 4f35f7cbe854078d1ac9338744f61a02 -> 
  custom:container-demuxer-ogg: 62fdf1f143b41e24485cea50d1cbac27 -> 
  custom:video-encoder-webm-vp8: eb34c28f22e8b96e1ab97ce403110664 -> 
  custom:video-decoder-webm-vp8: 9c59270c3fd7afecdb556c50c9e8de78 -> 
  custom:audio-decoder-ogg-vorbis: bf7c407c2cedff20999df2af8eb42d56 -> 
  custom:audio-encoder-webm-vorbis: bf7c407c2cedff20999df2af8eb42d56 -> 
========================================================================
Received Prepare
Registering precompiled user dll's ...
Registered in 0.004377 seconds.
Begin MonoManager ReloadAssembly
Native extension for WindowsStandalone target not found
Refreshing native plugins compatible for Editor in 0.46 ms, found 2 plugins.
Preloading 0 native plugins for Editor in 0.00 ms.
Mono: successfully reloaded assembly
- Completed reload, in  1.247 seconds
Domain Reload Profiling:
	ReloadAssembly (1247ms)
		BeginReloadAssembly (141ms)
			ExecutionOrderSort (0ms)
			DisableScriptedObjects (5ms)
			BackupInstance (0ms)
			ReleaseScriptingObjects (0ms)
			CreateAndSetChildDomain (38ms)
		EndReloadAssembly (1026ms)
			LoadAssemblies (116ms)
			RebuildTransferFunctionScriptingTraits (0ms)
			SetupTypeCache (400ms)
			ReleaseScriptCaches (1ms)
			RebuildScriptCaches (49ms)
			SetupLoadedEditorAssemblies (347ms)
				LogAssemblyErrors (0ms)
				InitializePlatformSupportModulesInManaged (6ms)
				SetLoadedEditorAssemblies (0ms)
				RefreshPlugins (1ms)
				BeforeProcessingInitializeOnLoad (104ms)
				ProcessInitializeOnLoadAttributes (207ms)
				ProcessInitializeOnLoadMethodAttributes (16ms)
				AfterProcessingInitializeOnLoad (12ms)
				EditorAssembliesLoaded (0ms)
			ExecutionOrderSort2 (0ms)
			AwakeInstancesAfterBackupRestoration (7ms)
Platform modules already initialized, skipping
Refreshing native plugins compatible for Editor in 0.46 ms, found 2 plugins.
Preloading 0 native plugins for Editor in 0.00 ms.
Unloading 1747 Unused Serialized files (Serialized files now loaded: 0)
System memory in use before: 83.0 MB.
System memory in use after: 83.1 MB.

Unloading 18 unused Assets to reduce memory usage. Loaded Objects now: 2263.
Total: 3.051800 ms (FindLiveObjects: 0.195000 ms CreateObjectMapping: 0.078900 ms MarkObjects: 2.753500 ms  DeleteObjects: 0.022500 ms)

AssetImportParameters requested are different than current active one (requested -> active):
  custom:framework-win-MediaFoundation: 216162199b28c13a410421893ffa2e32 -> 
  custom:video-decoder-ogg-theora: a1e56fd34408186e4bbccfd4996cb3dc -> 
  custom:container-muxer-webm: aa71ff27fc2769a1b78a27578f13a17b -> 
  custom:container-demuxer-webm: 4f35f7cbe854078d1ac9338744f61a02 -> 
  custom:container-demuxer-ogg: 62fdf1f143b41e24485cea50d1cbac27 -> 
  custom:video-encoder-webm-vp8: eb34c28f22e8b96e1ab97ce403110664 -> 
  custom:video-decoder-webm-vp8: 9c59270c3fd7afecdb556c50c9e8de78 -> 
  custom:audio-decoder-ogg-vorbis: bf7c407c2cedff20999df2af8eb42d56 -> 
  custom:audio-encoder-webm-vorbis: bf7c407c2cedff20999df2af8eb42d56 -> 
AssetImportWorkerClient::OnTransportError - code=2 error=End of file
